[35m[Appium][39m Welcome to Appium v2.5.1
[35m[Appium][39m Non-default server args:
[35m[Appium][39m { basePath: [32m'/wd/hub'[39m, loglevel: [32m'info'[39m, port: [33m63269[39m }
[35m[Appium][39m Attempting to load driver uiautomator2...
[35m[Appium][39m Appium REST http interface listener started on http://0.0.0.0:63269/wd/hub
[35m[Appium][39m You can provide the following URLs in your client code to connect to this server:
[35m[Appium][39m 	http://192.168.100.3:63269/wd/hub
[35m[Appium][39m 	http://127.0.0.1:63269/wd/hub (only accessible from the same host)
[35m[Appium][39m 	http://172.29.48.1:63269/wd/hub
[35m[Appium][39m Available drivers:
[35m[Appium][39m   - uiautomator2@3.0.0 (automationName 'UiAutomator2')
[35m[Appium][39m No plugins have been installed. Use the "appium plugin" command to install the one(s) you want to use.
[38;5;0m[HTTP][0m [37m-->[39m [37mGET[39m [37m/wd/hub/status[39m
[38;5;0m[HTTP][0m [90m{}[39m
[38;5;0m[HTTP][0m [37m<-- GET /wd/hub/status [39m[32m200[39m [90m5 ms - 110[39m
[38;5;0m[HTTP][0m [90m[39m
[38;5;0m[HTTP][0m [37m-->[39m [37mGET[39m [37m/wd/hub/status[39m
[38;5;0m[HTTP][0m [90m{}[39m
[38;5;0m[HTTP][0m [37m<-- GET /wd/hub/status [39m[32m200[39m [90m1 ms - 110[39m
[38;5;0m[HTTP][0m [90m[39m
[38;5;0m[HTTP][0m [37m-->[39m [37mPOST[39m [37m/wd/hub/session[39m
[38;5;0m[HTTP][0m [90m{"desiredCapabilities":{"appium:systemPort":8290,"appium:udid":"RRCT400E78T","appium:autoGrantPermissions":true,"appium:newCommandTimeout":1800,"appium:platformName":"ANDROID","appium:appActivity":".Settings","appium:deviceName":"samsung SM-A528B (Android 14)","platformName":"Android","appium:automationName":"uiautomator2","appium:platformVersion":"14","appium:appPackage":"com.android.settings"},"capabilities":{"firstMatch":[{"appium:appActivity":".Settings","appium:appPackage":"com.android.settings","appium:autoGrantPermissions":true,"appium:automationName":"uiautomator2","appium:deviceName":"samsung SM-A528B (Android 14)","appium:newCommandTimeout":1800,"appium:platformName":"ANDROID","appium:platformVersion":"14","appium:systemPort":8290,"appium:udid":"RRCT400E78T","platformName":"android"}]}}[39m
[38;5;32m[BaseDriver][0m Ignoring capability 'appium:platformName=ANDROID' and using capability 'platformName=android'
[38;5;32m[BaseDriver][0m The capabilities ["platformName"] are standard capabilities and do not require "appium:" prefix
[35m[Appium][39m Attempting to find matching driver for automationName 'uiautomator2' and platformName 'android'
[35m[Appium][39m The 'uiautomator2' driver was installed and matched caps.
[35m[Appium][39m Will require it at C:\Users\anant\.appium\node_modules\appium-uiautomator2-driver
[38;5;16m[AppiumDriver@1dcc][0m Appium v2.5.1 creating new AndroidUiautomator2Driver (v3.0.0) session
[38;5;16m[AppiumDriver@1dcc][0m Checking BaseDriver versions for Appium and AndroidUiautomator2Driver
[38;5;16m[AppiumDriver@1dcc][0m Appium's BaseDriver version is 9.5.2
[38;5;16m[AppiumDriver@1dcc][0m AndroidUiautomator2Driver's BaseDriver version is 9.5.2
[38;5;48m[AndroidUiautomator2Driver@14f8 (1801f809)][0m Session created with session id: 1801f809-991d-4061-be7e-afcf3b27a17e
[38;5;64m[ADB][0m Found 3 'build-tools' folders under 'C:\Users\anant\AppData\Local\Android\Sdk' (newest first):
[38;5;64m[ADB][0m     C:\Users\anant\AppData\Local\Android\Sdk\build-tools\32.1.0-rc1
[38;5;64m[ADB][0m     C:\Users\anant\AppData\Local\Android\Sdk\build-tools\32.0.0
[38;5;64m[ADB][0m     C:\Users\anant\AppData\Local\Android\Sdk\build-tools\30.0.3
[38;5;64m[ADB][0m Using 'adb.exe' from 'C:\Users\anant\AppData\Local\Android\Sdk\platform-tools\adb.exe'
[38;5;48m[AndroidUiautomator2Driver@14f8 (1801f809)][0m Retrieving device list
[38;5;48m[AndroidUiautomator2Driver@14f8 (1801f809)][0m Using device: RRCT400E78T
[38;5;64m[ADB][0m Using 'adb.exe' from 'C:\Users\anant\AppData\Local\Android\Sdk\platform-tools\adb.exe'
[38;5;48m[AndroidUiautomator2Driver@14f8 (1801f809)][0m Starting 'com.android.settings' directly on the device
[38;5;64m[ADB][0m Getting device platform version
[38;5;48m[AndroidUiautomator2Driver@14f8 (1801f809)][0m Relaxing hidden api policy
[38;5;48m[AndroidUiautomator2Driver@14f8 (1801f809)][0m No app sent in, not parsing package/activity
[38;5;64m[ADB][0m Using 'apksigner.jar' from 'C:\Users\anant\AppData\Local\Android\Sdk\build-tools\32.1.0-rc1\lib\apksigner.jar'
[38;5;64m[ADB][0m 'C:\Users\anant\.appium\node_modules\appium-uiautomator2-driver\node_modules\appium-uiautomator2-server\apks\appium-uiautomator2-server-debug-androidTest.apk' is signed with the default certificate
[38;5;64m[ADB][0m 'C:\Users\anant\.appium\node_modules\appium-uiautomator2-driver\node_modules\appium-uiautomator2-server\apks\appium-uiautomator2-server-v7.0.0.apk' is signed with the default certificate
[38;5;48m[AndroidUiautomator2Driver@14f8 (1801f809)][0m Server packages are not going to be (re)installed
[38;5;64m[ADB][0m Adding packages ["io.appium.settings","io.appium.uiautomator2.server","io.appium.uiautomator2.server.test"] to Doze whitelist
[38;5;48m[AndroidUiautomator2Driver@14f8 (1801f809)][0m Starting UIAutomator2 server 7.0.0
[38;5;48m[AndroidUiautomator2Driver@14f8 (1801f809)][0m Using UIAutomator2 server from 'C:\Users\anant\.appium\node_modules\appium-uiautomator2-driver\node_modules\appium-uiautomator2-server\apks\appium-uiautomator2-server-v7.0.0.apk' and test from 'C:\Users\anant\.appium\node_modules\appium-uiautomator2-driver\node_modules\appium-uiautomator2-server\apks\appium-uiautomator2-server-debug-androidTest.apk'
[38;5;48m[AndroidUiautomator2Driver@14f8 (1801f809)][0m Waiting up to 30000ms for UiAutomator2 to be online...
[38;5;48m[AndroidUiautomator2Driver@14f8 (1801f809)][0m socket hang up
[38;5;48m[AndroidUiautomator2Driver@14f8 (1801f809)][0m socket hang up
[38;5;48m[AndroidUiautomator2Driver@14f8 (1801f809)][0m Determined the downstream protocol as 'W3C'
[38;5;48m[AndroidUiautomator2Driver@14f8 (1801f809)][0m Screen already unlocked, doing nothing
[38;5;48m[AndroidUiautomator2Driver@14f8 (1801f809)][0m Starting 'com.android.settings/.Settings and waiting for 'com.android.settings/.Settings'
[38;5;16m[AppiumDriver@1dcc][0m New AndroidUiautomator2Driver session created successfully, session 1801f809-991d-4061-be7e-afcf3b27a17e added to master session list
[38;5;0m[HTTP][0m [37m<-- POST /wd/hub/session [39m[32m200[39m [90m5645 ms - 1088[39m
[38;5;0m[HTTP][0m [90m[39m
[38;5;0m[HTTP][0m [37m-->[39m [37mGET[39m [37m/wd/hub/session/1801f809-991d-4061-be7e-afcf3b27a17e[39m
[38;5;0m[HTTP][0m [90m{}[39m
[38;5;0m[HTTP][0m [37m<-- GET /wd/hub/session/1801f809-991d-4061-be7e-afcf3b27a17e [39m[32m200[39m [90m12 ms - 312[39m
[38;5;0m[HTTP][0m [90m[39m
[38;5;0m[HTTP][0m [37m-->[39m [37mGET[39m [37m/wd/hub/session/1801f809-991d-4061-be7e-afcf3b27a17e[39m
[38;5;0m[HTTP][0m [90m{}[39m
[38;5;0m[HTTP][0m [37m<-- GET /wd/hub/session/1801f809-991d-4061-be7e-afcf3b27a17e [39m[32m200[39m [90m16 ms - 312[39m
[38;5;0m[HTTP][0m [90m[39m
[38;5;0m[HTTP][0m [37m-->[39m [37mGET[39m [37m/wd/hub/status[39m
[38;5;0m[HTTP][0m [90m{}[39m
[38;5;0m[HTTP][0m [37m<-- GET /wd/hub/status [39m[32m200[39m [90m1 ms - 110[39m
[38;5;0m[HTTP][0m [90m[39m
[38;5;0m[HTTP][0m [37m-->[39m [37mPOST[39m [37m/wd/hub/session/1801f809-991d-4061-be7e-afcf3b27a17e/timeouts[39m
[38;5;0m[HTTP][0m [90m{"implicit":60000}[39m
[38;5;0m[HTTP][0m [37m<-- POST /wd/hub/session/1801f809-991d-4061-be7e-afcf3b27a17e/timeouts [39m[32m200[39m [90m2 ms - 14[39m
[38;5;0m[HTTP][0m [90m[39m
[38;5;0m[HTTP][0m [37m-->[39m [37mGET[39m [37m/wd/hub/session/1801f809-991d-4061-be7e-afcf3b27a17e/appium/device/system_bars[39m
[38;5;0m[HTTP][0m [90m{}[39m
[38;5;0m[HTTP][0m [37m<-- GET /wd/hub/session/1801f809-991d-4061-be7e-afcf3b27a17e/appium/device/system_bars [39m[32m200[39m [90m68 ms - 151[39m
[38;5;0m[HTTP][0m [90m[39m
[38;5;0m[HTTP][0m [37m-->[39m [37mPOST[39m [37m/wd/hub/session/1801f809-991d-4061-be7e-afcf3b27a17e/appium/device/activate_app[39m
[38;5;0m[HTTP][0m [90m{"bundleId":"co.tapcart.app.id_gCATITBKZP"}[39m
[38;5;0m[HTTP][0m [37m<-- POST /wd/hub/session/1801f809-991d-4061-be7e-afcf3b27a17e/appium/device/activate_app [39m[32m200[39m [90m157 ms - 14[39m
[38;5;0m[HTTP][0m [90m[39m
[38;5;0m[HTTP][0m [37m-->[39m [37mGET[39m [37m/wd/hub/session/1801f809-991d-4061-be7e-afcf3b27a17e/source[39m
[38;5;0m[HTTP][0m [90m{}[39m
[38;5;48m[AndroidUiautomator2Driver@14f8 (1801f809)][0m Driver proxy active, passing request on via HTTP proxy
[38;5;48m[AndroidUiautomator2Driver@14f8 (1801f809)][0m Replacing sessionId 8db97c8d-6dfd-427d-91a1-f24e4f8b171d with 1801f809-991d-4061-be7e-afcf3b27a17e
[38;5;0m[HTTP][0m [37m<-- GET /wd/hub/session/1801f809-991d-4061-be7e-afcf3b27a17e/source [39m[32m200[39m [90m578 ms - 31061[39m
[38;5;0m[HTTP][0m [90m[39m
[38;5;0m[HTTP][0m [37m-->[39m [37mGET[39m [37m/wd/hub/session/1801f809-991d-4061-be7e-afcf3b27a17e/screenshot[39m
[38;5;0m[HTTP][0m [90m{}[39m
[38;5;0m[HTTP][0m [37m<-- GET /wd/hub/session/1801f809-991d-4061-be7e-afcf3b27a17e/screenshot [39m[32m200[39m [90m431 ms - 152356[39m
[38;5;0m[HTTP][0m [90m[39m
[38;5;0m[HTTP][0m [37m-->[39m [37mGET[39m [37m/wd/hub/session/1801f809-991d-4061-be7e-afcf3b27a17e/source[39m
[38;5;0m[HTTP][0m [90m{}[39m
[38;5;48m[AndroidUiautomator2Driver@14f8 (1801f809)][0m Driver proxy active, passing request on via HTTP proxy
[38;5;48m[AndroidUiautomator2Driver@14f8 (1801f809)][0m Replacing sessionId 8db97c8d-6dfd-427d-91a1-f24e4f8b171d with 1801f809-991d-4061-be7e-afcf3b27a17e
[38;5;0m[HTTP][0m [37m<-- GET /wd/hub/session/1801f809-991d-4061-be7e-afcf3b27a17e/source [39m[32m200[39m [90m571 ms - 45567[39m
[38;5;0m[HTTP][0m [90m[39m
[38;5;0m[HTTP][0m [37m-->[39m [37mGET[39m [37m/wd/hub/session/1801f809-991d-4061-be7e-afcf3b27a17e/screenshot[39m
[38;5;0m[HTTP][0m [90m{}[39m
[38;5;0m[HTTP][0m [37m<-- GET /wd/hub/session/1801f809-991d-4061-be7e-afcf3b27a17e/screenshot [39m[32m200[39m [90m1365 ms - 2596384[39m
[38;5;0m[HTTP][0m [90m[39m
[38;5;0m[HTTP][0m [37m-->[39m [37mPOST[39m [37m/wd/hub/session/1801f809-991d-4061-be7e-afcf3b27a17e/elements[39m
[38;5;0m[HTTP][0m [90m{"using":"xpath","value":"//*[@class = 'android.widget.ImageButton' and (@text = '' or . = '')]"}[39m
[38;5;0m[HTTP][0m [37m<-- POST /wd/hub/session/1801f809-991d-4061-be7e-afcf3b27a17e/elements [39m[32m200[39m [90m1037 ms - 139[39m
[38;5;0m[HTTP][0m [90m[39m
[38;5;0m[HTTP][0m [37m-->[39m [37mGET[39m [37m/wd/hub/session/1801f809-991d-4061-be7e-afcf3b27a17e/window/rect[39m
[38;5;0m[HTTP][0m [90m{}[39m
[38;5;0m[HTTP][0m [37m<-- GET /wd/hub/session/1801f809-991d-4061-be7e-afcf3b27a17e/window/rect [39m[32m200[39m [90m15 ms - 50[39m
[38;5;0m[HTTP][0m [90m[39m
[38;5;0m[HTTP][0m [37m-->[39m [37mPOST[39m [37m/wd/hub/session/1801f809-991d-4061-be7e-afcf3b27a17e/elements[39m
[38;5;0m[HTTP][0m [90m{"using":"xpath","value":"//*[@class = 'android.widget.ImageButton' and (@text = '' or . = '')]"}[39m
[38;5;0m[HTTP][0m [37m<-- POST /wd/hub/session/1801f809-991d-4061-be7e-afcf3b27a17e/elements [39m[32m200[39m [90m419 ms - 139[39m
[38;5;0m[HTTP][0m [90m[39m
[38;5;0m[HTTP][0m [37m-->[39m [37mGET[39m [37m/wd/hub/session/1801f809-991d-4061-be7e-afcf3b27a17e/element/00000000-0000-030c-ffff-ffff00000024/location[39m
[38;5;0m[HTTP][0m [90m{}[39m
[38;5;48m[AndroidUiautomator2Driver@14f8 (1801f809)][0m Driver proxy active, passing request on via HTTP proxy
[38;5;48m[AndroidUiautomator2Driver@14f8 (1801f809)][0m Replacing sessionId 8db97c8d-6dfd-427d-91a1-f24e4f8b171d with 1801f809-991d-4061-be7e-afcf3b27a17e
[38;5;0m[HTTP][0m [37m<-- GET /wd/hub/session/1801f809-991d-4061-be7e-afcf3b27a17e/element/00000000-0000-030c-ffff-ffff00000024/location [39m[32m200[39m [90m23 ms - 75[39m
[38;5;0m[HTTP][0m [90m[39m
[38;5;0m[HTTP][0m [37m-->[39m [37mPOST[39m [37m/wd/hub/session/1801f809-991d-4061-be7e-afcf3b27a17e/element/00000000-0000-030c-ffff-ffff00000024/click[39m
[38;5;0m[HTTP][0m [90m{"id":"00000000-0000-030c-ffff-ffff00000024"}[39m
[38;5;0m[HTTP][0m [37m<-- POST /wd/hub/session/1801f809-991d-4061-be7e-afcf3b27a17e/element/00000000-0000-030c-ffff-ffff00000024/click [39m[32m200[39m [90m91 ms - 14[39m
[38;5;0m[HTTP][0m [90m[39m
[38;5;0m[HTTP][0m [37m-->[39m [37mGET[39m [37m/wd/hub/session/1801f809-991d-4061-be7e-afcf3b27a17e/source[39m
[38;5;0m[HTTP][0m [90m{}[39m
[38;5;48m[AndroidUiautomator2Driver@14f8 (1801f809)][0m Driver proxy active, passing request on via HTTP proxy
[38;5;48m[AndroidUiautomator2Driver@14f8 (1801f809)][0m Replacing sessionId 8db97c8d-6dfd-427d-91a1-f24e4f8b171d with 1801f809-991d-4061-be7e-afcf3b27a17e
[38;5;0m[HTTP][0m [37m<-- GET /wd/hub/session/1801f809-991d-4061-be7e-afcf3b27a17e/source [39m[32m200[39m [90m762 ms - 36061[39m
[38;5;0m[HTTP][0m [90m[39m
[38;5;0m[HTTP][0m [37m-->[39m [37mGET[39m [37m/wd/hub/session/1801f809-991d-4061-be7e-afcf3b27a17e/screenshot[39m
[38;5;0m[HTTP][0m [90m{}[39m
[38;5;0m[HTTP][0m [37m<-- GET /wd/hub/session/1801f809-991d-4061-be7e-afcf3b27a17e/screenshot [39m[32m200[39m [90m2352 ms - 3699688[39m
[38;5;0m[HTTP][0m [90m[39m
[38;5;0m[HTTP][0m [37m-->[39m [37mPOST[39m [37m/wd/hub/session/1801f809-991d-4061-be7e-afcf3b27a17e/elements[39m
[38;5;0m[HTTP][0m [90m{"using":"xpath","value":"//*[@class = 'android.widget.TextView' and (@text = 'ACCOUNT' or . = 'ACCOUNT') and @resource-id = 'co.tapcart.app.id_gCATITBKZP:id/titleTextView']"}[39m
[38;5;0m[HTTP][0m [37m<-- POST /wd/hub/session/1801f809-991d-4061-be7e-afcf3b27a17e/elements [39m[32m200[39m [90m391 ms - 139[39m
[38;5;0m[HTTP][0m [90m[39m
[38;5;0m[HTTP][0m [37m-->[39m [37mGET[39m [37m/wd/hub/session/1801f809-991d-4061-be7e-afcf3b27a17e/window/rect[39m
[38;5;0m[HTTP][0m [90m{}[39m
[38;5;0m[HTTP][0m [37m<-- GET /wd/hub/session/1801f809-991d-4061-be7e-afcf3b27a17e/window/rect [39m[32m200[39m [90m8 ms - 50[39m
[38;5;0m[HTTP][0m [90m[39m
[38;5;0m[HTTP][0m [37m-->[39m [37mPOST[39m [37m/wd/hub/session/1801f809-991d-4061-be7e-afcf3b27a17e/elements[39m
[38;5;0m[HTTP][0m [90m{"using":"xpath","value":"//*[@class = 'android.widget.TextView' and (@text = 'ACCOUNT' or . = 'ACCOUNT') and @resource-id = 'co.tapcart.app.id_gCATITBKZP:id/titleTextView']"}[39m
[38;5;0m[HTTP][0m [37m<-- POST /wd/hub/session/1801f809-991d-4061-be7e-afcf3b27a17e/elements [39m[32m200[39m [90m388 ms - 139[39m
[38;5;0m[HTTP][0m [90m[39m
[38;5;0m[HTTP][0m [37m-->[39m [37mGET[39m [37m/wd/hub/session/1801f809-991d-4061-be7e-afcf3b27a17e/element/00000000-0000-030c-ffff-ffff00000041/location[39m
[38;5;0m[HTTP][0m [90m{}[39m
[38;5;48m[AndroidUiautomator2Driver@14f8 (1801f809)][0m Driver proxy active, passing request on via HTTP proxy
[38;5;48m[AndroidUiautomator2Driver@14f8 (1801f809)][0m Replacing sessionId 8db97c8d-6dfd-427d-91a1-f24e4f8b171d with 1801f809-991d-4061-be7e-afcf3b27a17e
[38;5;0m[HTTP][0m [37m<-- GET /wd/hub/session/1801f809-991d-4061-be7e-afcf3b27a17e/element/00000000-0000-030c-ffff-ffff00000041/location [39m[32m200[39m [90m32 ms - 79[39m
[38;5;0m[HTTP][0m [90m[39m
[38;5;0m[HTTP][0m [37m-->[39m [37mPOST[39m [37m/wd/hub/session/1801f809-991d-4061-be7e-afcf3b27a17e/element/00000000-0000-030c-ffff-ffff00000041/click[39m
[38;5;0m[HTTP][0m [90m{"id":"00000000-0000-030c-ffff-ffff00000041"}[39m
[38;5;0m[HTTP][0m [37m<-- POST /wd/hub/session/1801f809-991d-4061-be7e-afcf3b27a17e/element/00000000-0000-030c-ffff-ffff00000041/click [39m[32m200[39m [90m75 ms - 14[39m
[38;5;0m[HTTP][0m [90m[39m
[38;5;0m[HTTP][0m [37m-->[39m [37mGET[39m [37m/wd/hub/session/1801f809-991d-4061-be7e-afcf3b27a17e/source[39m
[38;5;0m[HTTP][0m [90m{}[39m
[38;5;48m[AndroidUiautomator2Driver@14f8 (1801f809)][0m Driver proxy active, passing request on via HTTP proxy
[38;5;48m[AndroidUiautomator2Driver@14f8 (1801f809)][0m Replacing sessionId 8db97c8d-6dfd-427d-91a1-f24e4f8b171d with 1801f809-991d-4061-be7e-afcf3b27a17e
[38;5;0m[HTTP][0m [37m<-- GET /wd/hub/session/1801f809-991d-4061-be7e-afcf3b27a17e/source [39m[32m200[39m [90m594 ms - 29799[39m
[38;5;0m[HTTP][0m [90m[39m
[38;5;0m[HTTP][0m [37m-->[39m [37mGET[39m [37m/wd/hub/session/1801f809-991d-4061-be7e-afcf3b27a17e/screenshot[39m
[38;5;0m[HTTP][0m [90m{}[39m
[38;5;0m[HTTP][0m [37m<-- GET /wd/hub/session/1801f809-991d-4061-be7e-afcf3b27a17e/screenshot [39m[32m200[39m [90m344 ms - 102364[39m
[38;5;0m[HTTP][0m [90m[39m
[38;5;0m[HTTP][0m [37m-->[39m [37mPOST[39m [37m/wd/hub/session/1801f809-991d-4061-be7e-afcf3b27a17e/elements[39m
[38;5;0m[HTTP][0m [90m{"using":"xpath","value":"//*[@class = 'android.widget.EditText' and @resource-id = 'emailAddressEditText' and (@text = '' or . = '')]"}[39m
[38;5;0m[HTTP][0m [37m<-- POST /wd/hub/session/1801f809-991d-4061-be7e-afcf3b27a17e/elements [39m[32m200[39m [90m316 ms - 139[39m
[38;5;0m[HTTP][0m [90m[39m
[38;5;0m[HTTP][0m [37m-->[39m [37mGET[39m [37m/wd/hub/session/1801f809-991d-4061-be7e-afcf3b27a17e/window/rect[39m
[38;5;0m[HTTP][0m [90m{}[39m
[38;5;0m[HTTP][0m [37m<-- GET /wd/hub/session/1801f809-991d-4061-be7e-afcf3b27a17e/window/rect [39m[32m200[39m [90m18 ms - 50[39m
[38;5;0m[HTTP][0m [90m[39m
[38;5;0m[HTTP][0m [37m-->[39m [37mPOST[39m [37m/wd/hub/session/1801f809-991d-4061-be7e-afcf3b27a17e/elements[39m
[38;5;0m[HTTP][0m [90m{"using":"xpath","value":"//*[@class = 'android.widget.EditText' and @resource-id = 'emailAddressEditText' and (@text = '' or . = '')]"}[39m
[38;5;0m[HTTP][0m [37m<-- POST /wd/hub/session/1801f809-991d-4061-be7e-afcf3b27a17e/elements [39m[32m200[39m [90m263 ms - 139[39m
[38;5;0m[HTTP][0m [90m[39m
[38;5;0m[HTTP][0m [37m-->[39m [37mGET[39m [37m/wd/hub/session/1801f809-991d-4061-be7e-afcf3b27a17e/element/00000000-0000-030c-0000-000c0000010a/location[39m
[38;5;0m[HTTP][0m [90m{}[39m
[38;5;48m[AndroidUiautomator2Driver@14f8 (1801f809)][0m Driver proxy active, passing request on via HTTP proxy
[38;5;48m[AndroidUiautomator2Driver@14f8 (1801f809)][0m Replacing sessionId 8db97c8d-6dfd-427d-91a1-f24e4f8b171d with 1801f809-991d-4061-be7e-afcf3b27a17e
[38;5;0m[HTTP][0m [37m<-- GET /wd/hub/session/1801f809-991d-4061-be7e-afcf3b27a17e/element/00000000-0000-030c-0000-000c0000010a/location [39m[32m200[39m [90m32 ms - 77[39m
[38;5;0m[HTTP][0m [90m[39m
[38;5;0m[HTTP][0m [37m-->[39m [37mPOST[39m [37m/wd/hub/session/1801f809-991d-4061-be7e-afcf3b27a17e/element/00000000-0000-030c-0000-000c0000010a/clear[39m
[38;5;0m[HTTP][0m [90m{"id":"00000000-0000-030c-0000-000c0000010a"}[39m
[38;5;0m[HTTP][0m [37m<-- POST /wd/hub/session/1801f809-991d-4061-be7e-afcf3b27a17e/element/00000000-0000-030c-0000-000c0000010a/clear [39m[32m200[39m [90m39 ms - 14[39m
[38;5;0m[HTTP][0m [90m[39m
[38;5;0m[HTTP][0m [37m-->[39m [37mPOST[39m [37m/wd/hub/session/1801f809-991d-4061-be7e-afcf3b27a17e/element/00000000-0000-030c-0000-000c0000010a/click[39m
[38;5;0m[HTTP][0m [90m{"id":"00000000-0000-030c-0000-000c0000010a"}[39m
[38;5;0m[HTTP][0m [37m<-- POST /wd/hub/session/1801f809-991d-4061-be7e-afcf3b27a17e/element/00000000-0000-030c-0000-000c0000010a/click [39m[32m200[39m [90m111 ms - 14[39m
[38;5;0m[HTTP][0m [90m[39m
[38;5;0m[HTTP][0m [37m-->[39m [37mPOST[39m [37m/wd/hub/session/1801f809-991d-4061-be7e-afcf3b27a17e/element/00000000-0000-030c-0000-000c0000010a/value[39m
[38;5;0m[HTTP][0m [90m{"id":"00000000-0000-030c-0000-000c0000010a","text":"anantakape28@gmail.com","value":["a","n","a","n","t","a","k","a","p","e","2","8","@","g","m","a","i","l",".","c","o","m"]}[39m
[38;5;0m[HTTP][0m [37m<-- POST /wd/hub/session/1801f809-991d-4061-be7e-afcf3b27a17e/element/00000000-0000-030c-0000-000c0000010a/value [39m[32m200[39m [90m1290 ms - 14[39m
[38;5;0m[HTTP][0m [90m[39m
[38;5;0m[HTTP][0m [37m-->[39m [37mGET[39m [37m/wd/hub/session/1801f809-991d-4061-be7e-afcf3b27a17e/source[39m
[38;5;0m[HTTP][0m [90m{}[39m
[38;5;48m[AndroidUiautomator2Driver@14f8 (1801f809)][0m Driver proxy active, passing request on via HTTP proxy
[38;5;48m[AndroidUiautomator2Driver@14f8 (1801f809)][0m Replacing sessionId 8db97c8d-6dfd-427d-91a1-f24e4f8b171d with 1801f809-991d-4061-be7e-afcf3b27a17e
[38;5;0m[HTTP][0m [37m<-- GET /wd/hub/session/1801f809-991d-4061-be7e-afcf3b27a17e/source [39m[32m200[39m [90m212 ms - 28400[39m
[38;5;0m[HTTP][0m [90m[39m
[38;5;0m[HTTP][0m [37m-->[39m [37mGET[39m [37m/wd/hub/session/1801f809-991d-4061-be7e-afcf3b27a17e/screenshot[39m
[38;5;0m[HTTP][0m [90m{}[39m
[38;5;0m[HTTP][0m [37m<-- GET /wd/hub/session/1801f809-991d-4061-be7e-afcf3b27a17e/screenshot [39m[32m200[39m [90m425 ms - 338756[39m
[38;5;0m[HTTP][0m [90m[39m
[38;5;0m[HTTP][0m [37m-->[39m [37mPOST[39m [37m/wd/hub/session/1801f809-991d-4061-be7e-afcf3b27a17e/elements[39m
[38;5;0m[HTTP][0m [90m{"using":"xpath","value":"//*[@class = 'android.widget.EditText' and @resource-id = 'passwordEditText' and (@text = '' or . = '')]"}[39m
[38;5;0m[HTTP][0m [37m<-- POST /wd/hub/session/1801f809-991d-4061-be7e-afcf3b27a17e/elements [39m[32m200[39m [90m297 ms - 139[39m
[38;5;0m[HTTP][0m [90m[39m
[38;5;0m[HTTP][0m [37m-->[39m [37mGET[39m [37m/wd/hub/session/1801f809-991d-4061-be7e-afcf3b27a17e/window/rect[39m
[38;5;0m[HTTP][0m [90m{}[39m
[38;5;0m[HTTP][0m [37m<-- GET /wd/hub/session/1801f809-991d-4061-be7e-afcf3b27a17e/window/rect [39m[32m200[39m [90m16 ms - 50[39m
[38;5;0m[HTTP][0m [90m[39m
[38;5;0m[HTTP][0m [37m-->[39m [37mPOST[39m [37m/wd/hub/session/1801f809-991d-4061-be7e-afcf3b27a17e/elements[39m
[38;5;0m[HTTP][0m [90m{"using":"xpath","value":"//*[@class = 'android.widget.EditText' and @resource-id = 'passwordEditText' and (@text = '' or . = '')]"}[39m
[38;5;0m[HTTP][0m [37m<-- POST /wd/hub/session/1801f809-991d-4061-be7e-afcf3b27a17e/elements [39m[32m200[39m [90m808 ms - 139[39m
[38;5;0m[HTTP][0m [90m[39m
[38;5;0m[HTTP][0m [37m-->[39m [37mGET[39m [37m/wd/hub/session/1801f809-991d-4061-be7e-afcf3b27a17e/element/00000000-0000-030c-0000-00160000010a/location[39m
[38;5;0m[HTTP][0m [90m{}[39m
[38;5;48m[AndroidUiautomator2Driver@14f8 (1801f809)][0m Driver proxy active, passing request on via HTTP proxy
[38;5;48m[AndroidUiautomator2Driver@14f8 (1801f809)][0m Replacing sessionId 8db97c8d-6dfd-427d-91a1-f24e4f8b171d with 1801f809-991d-4061-be7e-afcf3b27a17e
[38;5;0m[HTTP][0m [37m<-- GET /wd/hub/session/1801f809-991d-4061-be7e-afcf3b27a17e/element/00000000-0000-030c-0000-00160000010a/location [39m[32m200[39m [90m21 ms - 77[39m
[38;5;0m[HTTP][0m [90m[39m
[38;5;0m[HTTP][0m [37m-->[39m [37mPOST[39m [37m/wd/hub/session/1801f809-991d-4061-be7e-afcf3b27a17e/element/00000000-0000-030c-0000-00160000010a/click[39m
[38;5;0m[HTTP][0m [90m{"id":"00000000-0000-030c-0000-00160000010a"}[39m
[38;5;0m[HTTP][0m [37m<-- POST /wd/hub/session/1801f809-991d-4061-be7e-afcf3b27a17e/element/00000000-0000-030c-0000-00160000010a/click [39m[32m200[39m [90m82 ms - 14[39m
[38;5;0m[HTTP][0m [90m[39m
[38;5;0m[HTTP][0m [37m-->[39m [37mGET[39m [37m/wd/hub/session/1801f809-991d-4061-be7e-afcf3b27a17e/source[39m
[38;5;0m[HTTP][0m [90m{}[39m
[38;5;48m[AndroidUiautomator2Driver@14f8 (1801f809)][0m Driver proxy active, passing request on via HTTP proxy
[38;5;48m[AndroidUiautomator2Driver@14f8 (1801f809)][0m Replacing sessionId 8db97c8d-6dfd-427d-91a1-f24e4f8b171d with 1801f809-991d-4061-be7e-afcf3b27a17e
[38;5;0m[HTTP][0m [37m<-- GET /wd/hub/session/1801f809-991d-4061-be7e-afcf3b27a17e/source [39m[32m200[39m [90m476 ms - 29785[39m
[38;5;0m[HTTP][0m [90m[39m
[38;5;0m[HTTP][0m [37m-->[39m [37mGET[39m [37m/wd/hub/session/1801f809-991d-4061-be7e-afcf3b27a17e/screenshot[39m
[38;5;0m[HTTP][0m [90m{}[39m
[38;5;0m[HTTP][0m [37m<-- GET /wd/hub/session/1801f809-991d-4061-be7e-afcf3b27a17e/screenshot [39m[32m200[39m [90m480 ms - 316120[39m
[38;5;0m[HTTP][0m [90m[39m
[38;5;0m[HTTP][0m [37m-->[39m [37mGET[39m [37m/wd/hub/session/1801f809-991d-4061-be7e-afcf3b27a17e/window/rect[39m
[38;5;0m[HTTP][0m [90m{}[39m
[38;5;0m[HTTP][0m [37m<-- GET /wd/hub/session/1801f809-991d-4061-be7e-afcf3b27a17e/window/rect [39m[32m200[39m [90m11 ms - 50[39m
[38;5;0m[HTTP][0m [90m[39m
[38;5;0m[HTTP][0m [37m-->[39m [37mPOST[39m [37m/wd/hub/session/1801f809-991d-4061-be7e-afcf3b27a17e/elements[39m
[38;5;0m[HTTP][0m [90m{"using":"xpath","value":"//*[@class = 'android.widget.EditText' and @resource-id = 'passwordEditText' and (@text = '' or . = '')]"}[39m
[38;5;0m[HTTP][0m [37m<-- POST /wd/hub/session/1801f809-991d-4061-be7e-afcf3b27a17e/elements [39m[32m200[39m [90m288 ms - 139[39m
[38;5;0m[HTTP][0m [90m[39m
[38;5;0m[HTTP][0m [37m-->[39m [37mGET[39m [37m/wd/hub/session/1801f809-991d-4061-be7e-afcf3b27a17e/element/00000000-0000-030c-0000-00160000010a/location[39m
[38;5;0m[HTTP][0m [90m{}[39m
[38;5;48m[AndroidUiautomator2Driver@14f8 (1801f809)][0m Driver proxy active, passing request on via HTTP proxy
[38;5;48m[AndroidUiautomator2Driver@14f8 (1801f809)][0m Replacing sessionId 8db97c8d-6dfd-427d-91a1-f24e4f8b171d with 1801f809-991d-4061-be7e-afcf3b27a17e
[38;5;0m[HTTP][0m [37m<-- GET /wd/hub/session/1801f809-991d-4061-be7e-afcf3b27a17e/element/00000000-0000-030c-0000-00160000010a/location [39m[32m200[39m [90m32 ms - 77[39m
[38;5;0m[HTTP][0m [90m[39m
[38;5;0m[HTTP][0m [37m-->[39m [37mPOST[39m [37m/wd/hub/session/1801f809-991d-4061-be7e-afcf3b27a17e/element/00000000-0000-030c-0000-00160000010a/clear[39m
[38;5;0m[HTTP][0m [90m{"id":"00000000-0000-030c-0000-00160000010a"}[39m
[38;5;0m[HTTP][0m [37m<-- POST /wd/hub/session/1801f809-991d-4061-be7e-afcf3b27a17e/element/00000000-0000-030c-0000-00160000010a/clear [39m[32m200[39m [90m47 ms - 14[39m
[38;5;0m[HTTP][0m [90m[39m
[38;5;0m[HTTP][0m [37m-->[39m [37mPOST[39m [37m/wd/hub/session/1801f809-991d-4061-be7e-afcf3b27a17e/element/00000000-0000-030c-0000-00160000010a/click[39m
[38;5;0m[HTTP][0m [90m{"id":"00000000-0000-030c-0000-00160000010a"}[39m
[38;5;0m[HTTP][0m [37m<-- POST /wd/hub/session/1801f809-991d-4061-be7e-afcf3b27a17e/element/00000000-0000-030c-0000-00160000010a/click [39m[32m200[39m [90m80 ms - 14[39m
[38;5;0m[HTTP][0m [90m[39m
[38;5;0m[HTTP][0m [37m-->[39m [37mPOST[39m [37m/wd/hub/session/1801f809-991d-4061-be7e-afcf3b27a17e/element/00000000-0000-030c-0000-00160000010a/value[39m
[38;5;0m[HTTP][0m [90m{"id":"00000000-0000-030c-0000-00160000010a","text":"Ananta28","value":["A","n","a","n","t","a","2","8"]}[39m
[38;5;0m[HTTP][0m [37m<-- POST /wd/hub/session/1801f809-991d-4061-be7e-afcf3b27a17e/element/00000000-0000-030c-0000-00160000010a/value [39m[32m200[39m [90m82 ms - 14[39m
[38;5;0m[HTTP][0m [90m[39m
[38;5;0m[HTTP][0m [37m-->[39m [37mGET[39m [37m/wd/hub/session/1801f809-991d-4061-be7e-afcf3b27a17e/source[39m
[38;5;0m[HTTP][0m [90m{}[39m
[38;5;48m[AndroidUiautomator2Driver@14f8 (1801f809)][0m Driver proxy active, passing request on via HTTP proxy
[38;5;48m[AndroidUiautomator2Driver@14f8 (1801f809)][0m Replacing sessionId 8db97c8d-6dfd-427d-91a1-f24e4f8b171d with 1801f809-991d-4061-be7e-afcf3b27a17e
[38;5;0m[HTTP][0m [37m<-- GET /wd/hub/session/1801f809-991d-4061-be7e-afcf3b27a17e/source [39m[32m200[39m [90m211 ms - 29809[39m
[38;5;0m[HTTP][0m [90m[39m
[38;5;0m[HTTP][0m [37m-->[39m [37mGET[39m [37m/wd/hub/session/1801f809-991d-4061-be7e-afcf3b27a17e/screenshot[39m
[38;5;0m[HTTP][0m [90m{}[39m
[38;5;0m[HTTP][0m [37m<-- GET /wd/hub/session/1801f809-991d-4061-be7e-afcf3b27a17e/screenshot [39m[32m200[39m [90m461 ms - 316444[39m
[38;5;0m[HTTP][0m [90m[39m
[38;5;0m[HTTP][0m [37m-->[39m [37mPOST[39m [37m/wd/hub/session/1801f809-991d-4061-be7e-afcf3b27a17e/elements[39m
[38;5;0m[HTTP][0m [90m{"using":"xpath","value":"//*[@class = 'android.widget.TextView' and (@text = 'Sign In' or . = 'Sign In')]"}[39m
[38;5;0m[HTTP][0m [37m<-- POST /wd/hub/session/1801f809-991d-4061-be7e-afcf3b27a17e/elements [39m[32m200[39m [90m243 ms - 267[39m
[38;5;0m[HTTP][0m [90m[39m
[38;5;0m[HTTP][0m [37m-->[39m [37mPOST[39m [37m/wd/hub/session/1801f809-991d-4061-be7e-afcf3b27a17e/elements[39m
[38;5;0m[HTTP][0m [90m{"using":"-android uiautomator","value":"new UiSelector().className(\"android.widget.TextView\").text(\"Sign In\")"}[39m
[38;5;0m[HTTP][0m [37m<-- POST /wd/hub/session/1801f809-991d-4061-be7e-afcf3b27a17e/elements [39m[32m200[39m [90m267 ms - 267[39m
[38;5;0m[HTTP][0m [90m[39m
[38;5;0m[HTTP][0m [37m-->[39m [37mGET[39m [37m/wd/hub/session/1801f809-991d-4061-be7e-afcf3b27a17e/window/rect[39m
[38;5;0m[HTTP][0m [90m{}[39m
[38;5;0m[HTTP][0m [37m<-- GET /wd/hub/session/1801f809-991d-4061-be7e-afcf3b27a17e/window/rect [39m[32m200[39m [90m22 ms - 50[39m
[38;5;0m[HTTP][0m [90m[39m
[38;5;0m[HTTP][0m [37m-->[39m [37mPOST[39m [37m/wd/hub/session/1801f809-991d-4061-be7e-afcf3b27a17e/elements[39m
[38;5;0m[HTTP][0m [90m{"using":"xpath","value":"//hierarchy/android.widget.FrameLayout[1]/android.widget.LinearLayout[1]/android.widget.FrameLayout[1]/android.widget.LinearLayout[1]/android.widget.FrameLayout[1]/android.widget.FrameLayout[1]/android.view.ViewGroup[1]/android.widget.FrameLayout[1]/android.widget.FrameLayout[1]/android.widget.FrameLayout[1]/androidx.compose.ui.platform.ComposeView[1]/android.view.View[1]/android.widget.ScrollView[1]/android.view.View[2]/android.widget.TextView[1]"}[39m
[38;5;0m[HTTP][0m [37m<-- POST /wd/hub/session/1801f809-991d-4061-be7e-afcf3b27a17e/elements [39m[32m200[39m [90m282 ms - 139[39m
[38;5;0m[HTTP][0m [90m[39m
[38;5;0m[HTTP][0m [37m-->[39m [37mGET[39m [37m/wd/hub/session/1801f809-991d-4061-be7e-afcf3b27a17e/element/00000000-0000-030c-0000-00210000010a/location[39m
[38;5;0m[HTTP][0m [90m{}[39m
[38;5;48m[AndroidUiautomator2Driver@14f8 (1801f809)][0m Driver proxy active, passing request on via HTTP proxy
[38;5;48m[AndroidUiautomator2Driver@14f8 (1801f809)][0m Replacing sessionId 8db97c8d-6dfd-427d-91a1-f24e4f8b171d with 1801f809-991d-4061-be7e-afcf3b27a17e
[38;5;0m[HTTP][0m [37m<-- GET /wd/hub/session/1801f809-991d-4061-be7e-afcf3b27a17e/element/00000000-0000-030c-0000-00210000010a/location [39m[32m200[39m [90m22 ms - 78[39m
[38;5;0m[HTTP][0m [90m[39m
[38;5;0m[HTTP][0m [37m-->[39m [37mPOST[39m [37m/wd/hub/session/1801f809-991d-4061-be7e-afcf3b27a17e/element/00000000-0000-030c-0000-00210000010a/click[39m
[38;5;0m[HTTP][0m [90m{"id":"00000000-0000-030c-0000-00210000010a"}[39m
[38;5;0m[HTTP][0m [37m<-- POST /wd/hub/session/1801f809-991d-4061-be7e-afcf3b27a17e/element/00000000-0000-030c-0000-00210000010a/click [39m[32m200[39m [90m68 ms - 14[39m
[38;5;0m[HTTP][0m [90m[39m
[38;5;0m[HTTP][0m [37m-->[39m [37mGET[39m [37m/wd/hub/session/1801f809-991d-4061-be7e-afcf3b27a17e/source[39m
[38;5;0m[HTTP][0m [90m{}[39m
[38;5;48m[AndroidUiautomator2Driver@14f8 (1801f809)][0m Driver proxy active, passing request on via HTTP proxy
[38;5;48m[AndroidUiautomator2Driver@14f8 (1801f809)][0m Replacing sessionId 8db97c8d-6dfd-427d-91a1-f24e4f8b171d with 1801f809-991d-4061-be7e-afcf3b27a17e
[38;5;0m[HTTP][0m [37m<-- GET /wd/hub/session/1801f809-991d-4061-be7e-afcf3b27a17e/source [39m[32m200[39m [90m565 ms - 3137[39m
[38;5;0m[HTTP][0m [90m[39m
[38;5;0m[HTTP][0m [37m-->[39m [37mGET[39m [37m/wd/hub/session/1801f809-991d-4061-be7e-afcf3b27a17e/screenshot[39m
[38;5;0m[HTTP][0m [90m{}[39m
[38;5;0m[HTTP][0m [37m<-- GET /wd/hub/session/1801f809-991d-4061-be7e-afcf3b27a17e/screenshot [39m[32m200[39m [90m391 ms - 106148[39m
[38;5;0m[HTTP][0m [90m[39m
[38;5;0m[HTTP][0m [37m-->[39m [37mGET[39m [37m/wd/hub/session/1801f809-991d-4061-be7e-afcf3b27a17e/source[39m
[38;5;0m[HTTP][0m [90m{}[39m
[38;5;48m[AndroidUiautomator2Driver@14f8 (1801f809)][0m Driver proxy active, passing request on via HTTP proxy
[38;5;48m[AndroidUiautomator2Driver@14f8 (1801f809)][0m Replacing sessionId 8db97c8d-6dfd-427d-91a1-f24e4f8b171d with 1801f809-991d-4061-be7e-afcf3b27a17e
[38;5;0m[HTTP][0m [37m<-- GET /wd/hub/session/1801f809-991d-4061-be7e-afcf3b27a17e/source [39m[32m200[39m [90m232 ms - 29761[39m
[38;5;0m[HTTP][0m [90m[39m
[38;5;0m[HTTP][0m [37m-->[39m [37mGET[39m [37m/wd/hub/session/1801f809-991d-4061-be7e-afcf3b27a17e/screenshot[39m
[38;5;0m[HTTP][0m [90m{}[39m
[38;5;0m[HTTP][0m [37m<-- GET /wd/hub/session/1801f809-991d-4061-be7e-afcf3b27a17e/screenshot [39m[32m200[39m [90m397 ms - 140792[39m
[38;5;0m[HTTP][0m [90m[39m
[38;5;0m[HTTP][0m [37m-->[39m [37mGET[39m [37m/wd/hub/session/1801f809-991d-4061-be7e-afcf3b27a17e/window/rect[39m
[38;5;0m[HTTP][0m [90m{}[39m
[38;5;0m[HTTP][0m [37m<-- GET /wd/hub/session/1801f809-991d-4061-be7e-afcf3b27a17e/window/rect [39m[32m200[39m [90m17 ms - 50[39m
[38;5;0m[HTTP][0m [90m[39m
[38;5;0m[HTTP][0m [37m-->[39m [37mPOST[39m [37m/wd/hub/session/1801f809-991d-4061-be7e-afcf3b27a17e/elements[39m
[38;5;0m[HTTP][0m [90m{"using":"xpath","value":"//*[@class = 'android.widget.ImageButton' and (@text = '' or . = '')]"}[39m
[38;5;0m[HTTP][0m [37m<-- POST /wd/hub/session/1801f809-991d-4061-be7e-afcf3b27a17e/elements [39m[32m200[39m [90m232 ms - 139[39m
[38;5;0m[HTTP][0m [90m[39m
[38;5;0m[HTTP][0m [37m-->[39m [37mGET[39m [37m/wd/hub/session/1801f809-991d-4061-be7e-afcf3b27a17e/element/00000000-0000-030c-ffff-ffff00000024/location[39m
[38;5;0m[HTTP][0m [90m{}[39m
[38;5;48m[AndroidUiautomator2Driver@14f8 (1801f809)][0m Driver proxy active, passing request on via HTTP proxy
[38;5;48m[AndroidUiautomator2Driver@14f8 (1801f809)][0m Replacing sessionId 8db97c8d-6dfd-427d-91a1-f24e4f8b171d with 1801f809-991d-4061-be7e-afcf3b27a17e
[38;5;0m[HTTP][0m [37m<-- GET /wd/hub/session/1801f809-991d-4061-be7e-afcf3b27a17e/element/00000000-0000-030c-ffff-ffff00000024/location [39m[32m200[39m [90m21 ms - 75[39m
[38;5;0m[HTTP][0m [90m[39m
[38;5;0m[HTTP][0m [37m-->[39m [37mPOST[39m [37m/wd/hub/session/1801f809-991d-4061-be7e-afcf3b27a17e/element/00000000-0000-030c-ffff-ffff00000024/click[39m
[38;5;0m[HTTP][0m [90m{"id":"00000000-0000-030c-ffff-ffff00000024"}[39m
[38;5;0m[HTTP][0m [37m<-- POST /wd/hub/session/1801f809-991d-4061-be7e-afcf3b27a17e/element/00000000-0000-030c-ffff-ffff00000024/click [39m[32m200[39m [90m81 ms - 14[39m
[38;5;0m[HTTP][0m [90m[39m
[38;5;0m[HTTP][0m [37m-->[39m [37mGET[39m [37m/wd/hub/session/1801f809-991d-4061-be7e-afcf3b27a17e/source[39m
[38;5;0m[HTTP][0m [90m{}[39m
[38;5;48m[AndroidUiautomator2Driver@14f8 (1801f809)][0m Driver proxy active, passing request on via HTTP proxy
[38;5;48m[AndroidUiautomator2Driver@14f8 (1801f809)][0m Replacing sessionId 8db97c8d-6dfd-427d-91a1-f24e4f8b171d with 1801f809-991d-4061-be7e-afcf3b27a17e
[38;5;0m[HTTP][0m [37m<-- GET /wd/hub/session/1801f809-991d-4061-be7e-afcf3b27a17e/source [39m[32m200[39m [90m618 ms - 28813[39m
[38;5;0m[HTTP][0m [90m[39m
[38;5;0m[HTTP][0m [37m-->[39m [37mGET[39m [37m/wd/hub/session/1801f809-991d-4061-be7e-afcf3b27a17e/screenshot[39m
[38;5;0m[HTTP][0m [90m{}[39m
[38;5;0m[HTTP][0m [37m<-- GET /wd/hub/session/1801f809-991d-4061-be7e-afcf3b27a17e/screenshot [39m[32m200[39m [90m2161 ms - 3380084[39m
[38;5;0m[HTTP][0m [90m[39m
[38;5;0m[HTTP][0m [37m-->[39m [37mPOST[39m [37m/wd/hub/session/1801f809-991d-4061-be7e-afcf3b27a17e/elements[39m
[38;5;0m[HTTP][0m [90m{"using":"xpath","value":"//*[@class = 'android.widget.TextView' and (@text = 'COLLECTIONS' or . = 'COLLECTIONS') and @resource-id = 'co.tapcart.app.id_gCATITBKZP:id/titleTextView']"}[39m
[38;5;0m[HTTP][0m [37m<-- POST /wd/hub/session/1801f809-991d-4061-be7e-afcf3b27a17e/elements [39m[32m200[39m [90m203 ms - 139[39m
[38;5;0m[HTTP][0m [90m[39m
[38;5;0m[HTTP][0m [37m-->[39m [37mGET[39m [37m/wd/hub/session/1801f809-991d-4061-be7e-afcf3b27a17e/window/rect[39m
[38;5;0m[HTTP][0m [90m{}[39m
[38;5;0m[HTTP][0m [37m<-- GET /wd/hub/session/1801f809-991d-4061-be7e-afcf3b27a17e/window/rect [39m[32m200[39m [90m7 ms - 50[39m
[38;5;0m[HTTP][0m [90m[39m
[38;5;0m[HTTP][0m [37m-->[39m [37mPOST[39m [37m/wd/hub/session/1801f809-991d-4061-be7e-afcf3b27a17e/elements[39m
[38;5;0m[HTTP][0m [90m{"using":"xpath","value":"//*[@class = 'android.widget.TextView' and (@text = 'COLLECTIONS' or . = 'COLLECTIONS') and @resource-id = 'co.tapcart.app.id_gCATITBKZP:id/titleTextView']"}[39m
[38;5;0m[HTTP][0m [37m<-- POST /wd/hub/session/1801f809-991d-4061-be7e-afcf3b27a17e/elements [39m[32m200[39m [90m326 ms - 139[39m
[38;5;0m[HTTP][0m [90m[39m
[38;5;0m[HTTP][0m [37m-->[39m [37mGET[39m [37m/wd/hub/session/1801f809-991d-4061-be7e-afcf3b27a17e/element/00000000-0000-030c-ffff-ffff00000032/location[39m
[38;5;0m[HTTP][0m [90m{}[39m
[38;5;48m[AndroidUiautomator2Driver@14f8 (1801f809)][0m Driver proxy active, passing request on via HTTP proxy
[38;5;48m[AndroidUiautomator2Driver@14f8 (1801f809)][0m Replacing sessionId 8db97c8d-6dfd-427d-91a1-f24e4f8b171d with 1801f809-991d-4061-be7e-afcf3b27a17e
[38;5;0m[HTTP][0m [37m<-- GET /wd/hub/session/1801f809-991d-4061-be7e-afcf3b27a17e/element/00000000-0000-030c-ffff-ffff00000032/location [39m[32m200[39m [90m34 ms - 78[39m
[38;5;0m[HTTP][0m [90m[39m
[38;5;0m[HTTP][0m [37m-->[39m [37mPOST[39m [37m/wd/hub/session/1801f809-991d-4061-be7e-afcf3b27a17e/element/00000000-0000-030c-ffff-ffff00000032/click[39m
[38;5;0m[HTTP][0m [90m{"id":"00000000-0000-030c-ffff-ffff00000032"}[39m
[38;5;0m[HTTP][0m [37m<-- POST /wd/hub/session/1801f809-991d-4061-be7e-afcf3b27a17e/element/00000000-0000-030c-ffff-ffff00000032/click [39m[32m200[39m [90m73 ms - 14[39m
[38;5;0m[HTTP][0m [90m[39m
[38;5;0m[HTTP][0m [37m-->[39m [37mGET[39m [37m/wd/hub/session/1801f809-991d-4061-be7e-afcf3b27a17e/source[39m
[38;5;0m[HTTP][0m [90m{}[39m
[38;5;48m[AndroidUiautomator2Driver@14f8 (1801f809)][0m Driver proxy active, passing request on via HTTP proxy
[38;5;48m[AndroidUiautomator2Driver@14f8 (1801f809)][0m Replacing sessionId 8db97c8d-6dfd-427d-91a1-f24e4f8b171d with 1801f809-991d-4061-be7e-afcf3b27a17e
[38;5;0m[HTTP][0m [37m<-- GET /wd/hub/session/1801f809-991d-4061-be7e-afcf3b27a17e/source [39m[32m200[39m [90m783 ms - 37889[39m
[38;5;0m[HTTP][0m [90m[39m
[38;5;0m[HTTP][0m [37m-->[39m [37mGET[39m [37m/wd/hub/session/1801f809-991d-4061-be7e-afcf3b27a17e/screenshot[39m
[38;5;0m[HTTP][0m [90m{}[39m
[38;5;0m[HTTP][0m [37m<-- GET /wd/hub/session/1801f809-991d-4061-be7e-afcf3b27a17e/screenshot [39m[32m200[39m [90m407 ms - 313488[39m
[38;5;0m[HTTP][0m [90m[39m
[38;5;0m[HTTP][0m [37m-->[39m [37mPOST[39m [37m/wd/hub/session/1801f809-991d-4061-be7e-afcf3b27a17e/elements[39m
[38;5;0m[HTTP][0m [90m{"using":"xpath","value":"//*[@class = 'android.widget.TextView' and (@text = 'Sandals' or . = 'Sandals') and @resource-id = 'co.tapcart.app.id_gCATITBKZP.collectionlist:id/itemTitle']"}[39m
[38;5;0m[HTTP][0m [37m<-- POST /wd/hub/session/1801f809-991d-4061-be7e-afcf3b27a17e/elements [39m[32m200[39m [90m349 ms - 139[39m
[38;5;0m[HTTP][0m [90m[39m
[38;5;0m[HTTP][0m [37m-->[39m [37mGET[39m [37m/wd/hub/session/1801f809-991d-4061-be7e-afcf3b27a17e/window/rect[39m
[38;5;0m[HTTP][0m [90m{}[39m
[38;5;0m[HTTP][0m [37m<-- GET /wd/hub/session/1801f809-991d-4061-be7e-afcf3b27a17e/window/rect [39m[32m200[39m [90m12 ms - 50[39m
[38;5;0m[HTTP][0m [90m[39m
[38;5;0m[HTTP][0m [37m-->[39m [37mPOST[39m [37m/wd/hub/session/1801f809-991d-4061-be7e-afcf3b27a17e/elements[39m
[38;5;0m[HTTP][0m [90m{"using":"xpath","value":"//*[@class = 'android.widget.TextView' and (@text = 'Sandals' or . = 'Sandals') and @resource-id = 'co.tapcart.app.id_gCATITBKZP.collectionlist:id/itemTitle']"}[39m
[38;5;0m[HTTP][0m [37m<-- POST /wd/hub/session/1801f809-991d-4061-be7e-afcf3b27a17e/elements [39m[32m200[39m [90m320 ms - 139[39m
[38;5;0m[HTTP][0m [90m[39m
[38;5;0m[HTTP][0m [37m-->[39m [37mGET[39m [37m/wd/hub/session/1801f809-991d-4061-be7e-afcf3b27a17e/element/00000000-0000-030c-ffff-ffff00000131/location[39m
[38;5;0m[HTTP][0m [90m{}[39m
[38;5;48m[AndroidUiautomator2Driver@14f8 (1801f809)][0m Driver proxy active, passing request on via HTTP proxy
[38;5;48m[AndroidUiautomator2Driver@14f8 (1801f809)][0m Replacing sessionId 8db97c8d-6dfd-427d-91a1-f24e4f8b171d with 1801f809-991d-4061-be7e-afcf3b27a17e
[38;5;0m[HTTP][0m [37m<-- GET /wd/hub/session/1801f809-991d-4061-be7e-afcf3b27a17e/element/00000000-0000-030c-ffff-ffff00000131/location [39m[32m200[39m [90m34 ms - 77[39m
[38;5;0m[HTTP][0m [90m[39m
[38;5;0m[HTTP][0m [37m-->[39m [37mPOST[39m [37m/wd/hub/session/1801f809-991d-4061-be7e-afcf3b27a17e/element/00000000-0000-030c-ffff-ffff00000131/click[39m
[38;5;0m[HTTP][0m [90m{"id":"00000000-0000-030c-ffff-ffff00000131"}[39m
[38;5;0m[HTTP][0m [37m<-- POST /wd/hub/session/1801f809-991d-4061-be7e-afcf3b27a17e/element/00000000-0000-030c-ffff-ffff00000131/click [39m[32m200[39m [90m91 ms - 14[39m
[38;5;0m[HTTP][0m [90m[39m
[38;5;0m[HTTP][0m [37m-->[39m [37mGET[39m [37m/wd/hub/session/1801f809-991d-4061-be7e-afcf3b27a17e/source[39m
[38;5;0m[HTTP][0m [90m{}[39m
[38;5;48m[AndroidUiautomator2Driver@14f8 (1801f809)][0m Driver proxy active, passing request on via HTTP proxy
[38;5;48m[AndroidUiautomator2Driver@14f8 (1801f809)][0m Replacing sessionId 8db97c8d-6dfd-427d-91a1-f24e4f8b171d with 1801f809-991d-4061-be7e-afcf3b27a17e
[38;5;0m[HTTP][0m [37m<-- GET /wd/hub/session/1801f809-991d-4061-be7e-afcf3b27a17e/source [39m[32m200[39m [90m640 ms - 10160[39m
[38;5;0m[HTTP][0m [90m[39m
[38;5;0m[HTTP][0m [37m-->[39m [37mGET[39m [37m/wd/hub/session/1801f809-991d-4061-be7e-afcf3b27a17e/screenshot[39m
[38;5;0m[HTTP][0m [90m{}[39m
[38;5;0m[HTTP][0m [37m<-- GET /wd/hub/session/1801f809-991d-4061-be7e-afcf3b27a17e/screenshot [39m[32m200[39m [90m365 ms - 71580[39m
[38;5;0m[HTTP][0m [90m[39m
[38;5;0m[HTTP][0m [37m-->[39m [37mPOST[39m [37m/wd/hub/session/1801f809-991d-4061-be7e-afcf3b27a17e/elements[39m
[38;5;0m[HTTP][0m [90m{"using":"xpath","value":"//*[@class = 'android.widget.TextView' and (@text = 'Casual Sandals' or . = 'Casual Sandals') and @resource-id = 'co.tapcart.app.id_gCATITBKZP.collectionlist:id/itemTitle']"}[39m
[38;5;0m[HTTP][0m [37m<-- POST /wd/hub/session/1801f809-991d-4061-be7e-afcf3b27a17e/elements [39m[32m200[39m [90m128 ms - 139[39m
[38;5;0m[HTTP][0m [90m[39m
[38;5;0m[HTTP][0m [37m-->[39m [37mGET[39m [37m/wd/hub/session/1801f809-991d-4061-be7e-afcf3b27a17e/window/rect[39m
[38;5;0m[HTTP][0m [90m{}[39m
[38;5;0m[HTTP][0m [37m<-- GET /wd/hub/session/1801f809-991d-4061-be7e-afcf3b27a17e/window/rect [39m[32m200[39m [90m8 ms - 50[39m
[38;5;0m[HTTP][0m [90m[39m
[38;5;0m[HTTP][0m [37m-->[39m [37mPOST[39m [37m/wd/hub/session/1801f809-991d-4061-be7e-afcf3b27a17e/elements[39m
[38;5;0m[HTTP][0m [90m{"using":"xpath","value":"//*[@class = 'android.widget.TextView' and (@text = 'Casual Sandals' or . = 'Casual Sandals') and @resource-id = 'co.tapcart.app.id_gCATITBKZP.collectionlist:id/itemTitle']"}[39m
[38;5;0m[HTTP][0m [37m<-- POST /wd/hub/session/1801f809-991d-4061-be7e-afcf3b27a17e/elements [39m[32m200[39m [90m90 ms - 139[39m
[38;5;0m[HTTP][0m [90m[39m
[38;5;0m[HTTP][0m [37m-->[39m [37mGET[39m [37m/wd/hub/session/1801f809-991d-4061-be7e-afcf3b27a17e/element/00000000-0000-030e-ffff-ffff00000163/location[39m
[38;5;0m[HTTP][0m [90m{}[39m
[38;5;48m[AndroidUiautomator2Driver@14f8 (1801f809)][0m Driver proxy active, passing request on via HTTP proxy
[38;5;48m[AndroidUiautomator2Driver@14f8 (1801f809)][0m Replacing sessionId 8db97c8d-6dfd-427d-91a1-f24e4f8b171d with 1801f809-991d-4061-be7e-afcf3b27a17e
[38;5;0m[HTTP][0m [37m<-- GET /wd/hub/session/1801f809-991d-4061-be7e-afcf3b27a17e/element/00000000-0000-030e-ffff-ffff00000163/location [39m[32m200[39m [90m25 ms - 77[39m
[38;5;0m[HTTP][0m [90m[39m
[38;5;0m[HTTP][0m [37m-->[39m [37mPOST[39m [37m/wd/hub/session/1801f809-991d-4061-be7e-afcf3b27a17e/element/00000000-0000-030e-ffff-ffff00000163/click[39m
[38;5;0m[HTTP][0m [90m{"id":"00000000-0000-030e-ffff-ffff00000163"}[39m
[38;5;0m[HTTP][0m [37m<-- POST /wd/hub/session/1801f809-991d-4061-be7e-afcf3b27a17e/element/00000000-0000-030e-ffff-ffff00000163/click [39m[32m200[39m [90m60 ms - 14[39m
[38;5;0m[HTTP][0m [90m[39m
[38;5;0m[HTTP][0m [37m-->[39m [37mGET[39m [37m/wd/hub/session/1801f809-991d-4061-be7e-afcf3b27a17e/source[39m
[38;5;0m[HTTP][0m [90m{}[39m
[38;5;48m[AndroidUiautomator2Driver@14f8 (1801f809)][0m Driver proxy active, passing request on via HTTP proxy
[38;5;48m[AndroidUiautomator2Driver@14f8 (1801f809)][0m Replacing sessionId 8db97c8d-6dfd-427d-91a1-f24e4f8b171d with 1801f809-991d-4061-be7e-afcf3b27a17e
[38;5;0m[HTTP][0m [37m<-- GET /wd/hub/session/1801f809-991d-4061-be7e-afcf3b27a17e/source [39m[32m200[39m [90m958 ms - 40327[39m
[38;5;0m[HTTP][0m [90m[39m
[38;5;0m[HTTP][0m [37m-->[39m [37mGET[39m [37m/wd/hub/session/1801f809-991d-4061-be7e-afcf3b27a17e/screenshot[39m
[38;5;0m[HTTP][0m [90m{}[39m
[38;5;0m[HTTP][0m [37m<-- GET /wd/hub/session/1801f809-991d-4061-be7e-afcf3b27a17e/screenshot [39m[32m200[39m [90m534 ms - 675892[39m
[38;5;0m[HTTP][0m [90m[39m
[38;5;0m[HTTP][0m [37m-->[39m [37mPOST[39m [37m/wd/hub/session/1801f809-991d-4061-be7e-afcf3b27a17e/elements[39m
[38;5;0m[HTTP][0m [90m{"using":"xpath","value":"//*[@class = 'android.widget.ImageView' and @resource-id = 'co.tapcart.app.id_gCATITBKZP:id/image' and (@text = '' or . = '')]"}[39m
[38;5;0m[HTTP][0m [37m<-- POST /wd/hub/session/1801f809-991d-4061-be7e-afcf3b27a17e/elements [39m[32m200[39m [90m405 ms - 779[39m
[38;5;0m[HTTP][0m [90m[39m
[38;5;0m[HTTP][0m [37m-->[39m [37mPOST[39m [37m/wd/hub/session/1801f809-991d-4061-be7e-afcf3b27a17e/elements[39m
[38;5;0m[HTTP][0m [90m{"using":"accessibility id","value":"Product's image"}[39m
[38;5;0m[HTTP][0m [37m<-- POST /wd/hub/session/1801f809-991d-4061-be7e-afcf3b27a17e/elements [39m[32m200[39m [90m218 ms - 779[39m
[38;5;0m[HTTP][0m [90m[39m
[38;5;0m[HTTP][0m [37m-->[39m [37mPOST[39m [37m/wd/hub/session/1801f809-991d-4061-be7e-afcf3b27a17e/elements[39m
[38;5;0m[HTTP][0m [90m{"using":"id","value":"co.tapcart.app.id_gCATITBKZP:id/image"}[39m
[38;5;0m[HTTP][0m [37m<-- POST /wd/hub/session/1801f809-991d-4061-be7e-afcf3b27a17e/elements [39m[32m200[39m [90m191 ms - 779[39m
[38;5;0m[HTTP][0m [90m[39m
[38;5;0m[HTTP][0m [37m-->[39m [37mPOST[39m [37m/wd/hub/session/1801f809-991d-4061-be7e-afcf3b27a17e/elements[39m
[38;5;0m[HTTP][0m [90m{"using":"-android uiautomator","value":"new UiSelector().className(\"android.widget.ImageView\").resourceId(\"co.tapcart.app.id_gCATITBKZP:id/image\")"}[39m
[38;5;0m[HTTP][0m [37m<-- POST /wd/hub/session/1801f809-991d-4061-be7e-afcf3b27a17e/elements [39m[32m200[39m [90m466 ms - 779[39m
[38;5;0m[HTTP][0m [90m[39m
[38;5;0m[HTTP][0m [37m-->[39m [37mGET[39m [37m/wd/hub/session/1801f809-991d-4061-be7e-afcf3b27a17e/window/rect[39m
[38;5;0m[HTTP][0m [90m{}[39m
[38;5;0m[HTTP][0m [37m<-- GET /wd/hub/session/1801f809-991d-4061-be7e-afcf3b27a17e/window/rect [39m[32m200[39m [90m16 ms - 50[39m
[38;5;0m[HTTP][0m [90m[39m
[38;5;0m[HTTP][0m [37m-->[39m [37mPOST[39m [37m/wd/hub/session/1801f809-991d-4061-be7e-afcf3b27a17e/elements[39m
[38;5;0m[HTTP][0m [90m{"using":"xpath","value":"//hierarchy/android.widget.FrameLayout[1]/android.widget.LinearLayout[1]/android.widget.FrameLayout[1]/android.widget.LinearLayout[1]/android.widget.FrameLayout[1]/android.view.ViewGroup[1]/android.view.ViewGroup[1]/android.widget.GridView[1]/android.view.ViewGroup[2]/android.widget.FrameLayout[1]/android.view.ViewGroup[1]/android.widget.ImageView[1]"}[39m
[38;5;0m[HTTP][0m [37m<-- POST /wd/hub/session/1801f809-991d-4061-be7e-afcf3b27a17e/elements [39m[32m200[39m [90m408 ms - 139[39m
[38;5;0m[HTTP][0m [90m[39m
[38;5;0m[HTTP][0m [37m-->[39m [37mGET[39m [37m/wd/hub/session/1801f809-991d-4061-be7e-afcf3b27a17e/element/00000000-0000-030f-ffff-ffff000001be/location[39m
[38;5;0m[HTTP][0m [90m{}[39m
[38;5;48m[AndroidUiautomator2Driver@14f8 (1801f809)][0m Driver proxy active, passing request on via HTTP proxy
[38;5;48m[AndroidUiautomator2Driver@14f8 (1801f809)][0m Replacing sessionId 8db97c8d-6dfd-427d-91a1-f24e4f8b171d with 1801f809-991d-4061-be7e-afcf3b27a17e
[38;5;0m[HTTP][0m [37m<-- GET /wd/hub/session/1801f809-991d-4061-be7e-afcf3b27a17e/element/00000000-0000-030f-ffff-ffff000001be/location [39m[32m200[39m [90m33 ms - 78[39m
[38;5;0m[HTTP][0m [90m[39m
[38;5;0m[HTTP][0m [37m-->[39m [37mPOST[39m [37m/wd/hub/session/1801f809-991d-4061-be7e-afcf3b27a17e/element/00000000-0000-030f-ffff-ffff000001be/click[39m
[38;5;0m[HTTP][0m [90m{"id":"00000000-0000-030f-ffff-ffff000001be"}[39m
[38;5;0m[HTTP][0m [37m<-- POST /wd/hub/session/1801f809-991d-4061-be7e-afcf3b27a17e/element/00000000-0000-030f-ffff-ffff000001be/click [39m[32m200[39m [90m69 ms - 14[39m
[38;5;0m[HTTP][0m [90m[39m
[38;5;0m[HTTP][0m [37m-->[39m [37mGET[39m [37m/wd/hub/session/1801f809-991d-4061-be7e-afcf3b27a17e/source[39m
[38;5;0m[HTTP][0m [90m{}[39m
[38;5;48m[AndroidUiautomator2Driver@14f8 (1801f809)][0m Driver proxy active, passing request on via HTTP proxy
[38;5;48m[AndroidUiautomator2Driver@14f8 (1801f809)][0m Replacing sessionId 8db97c8d-6dfd-427d-91a1-f24e4f8b171d with 1801f809-991d-4061-be7e-afcf3b27a17e
[38;5;0m[HTTP][0m [37m<-- GET /wd/hub/session/1801f809-991d-4061-be7e-afcf3b27a17e/source [39m[32m200[39m [90m801 ms - 24064[39m
[38;5;0m[HTTP][0m [90m[39m
[38;5;0m[HTTP][0m [37m-->[39m [37mGET[39m [37m/wd/hub/session/1801f809-991d-4061-be7e-afcf3b27a17e/screenshot[39m
[38;5;0m[HTTP][0m [90m{}[39m
[38;5;0m[HTTP][0m [37m<-- GET /wd/hub/session/1801f809-991d-4061-be7e-afcf3b27a17e/screenshot [39m[32m200[39m [90m508 ms - 524632[39m
[38;5;0m[HTTP][0m [90m[39m
[38;5;0m[HTTP][0m [37m-->[39m [37mPOST[39m [37m/wd/hub/session/1801f809-991d-4061-be7e-afcf3b27a17e/elements[39m
[38;5;0m[HTTP][0m [90m{"using":"xpath","value":"//*[@class = 'android.widget.Button' and (@text = 'Add to Bag' or . = 'Add to Bag') and @resource-id = 'co.tapcart.app.id_gCATITBKZP.productdetails:id/addToCartButton']"}[39m
[38;5;0m[HTTP][0m [37m<-- POST /wd/hub/session/1801f809-991d-4061-be7e-afcf3b27a17e/elements [39m[32m200[39m [90m132 ms - 139[39m
[38;5;0m[HTTP][0m [90m[39m
[38;5;0m[HTTP][0m [37m-->[39m [37mGET[39m [37m/wd/hub/session/1801f809-991d-4061-be7e-afcf3b27a17e/window/rect[39m
[38;5;0m[HTTP][0m [90m{}[39m
[38;5;0m[HTTP][0m [37m<-- GET /wd/hub/session/1801f809-991d-4061-be7e-afcf3b27a17e/window/rect [39m[32m200[39m [90m12 ms - 50[39m
[38;5;0m[HTTP][0m [90m[39m
[38;5;0m[HTTP][0m [37m-->[39m [37mPOST[39m [37m/wd/hub/session/1801f809-991d-4061-be7e-afcf3b27a17e/elements[39m
[38;5;0m[HTTP][0m [90m{"using":"xpath","value":"//*[@class = 'android.widget.Button' and (@text = 'Add to Bag' or . = 'Add to Bag') and @resource-id = 'co.tapcart.app.id_gCATITBKZP.productdetails:id/addToCartButton']"}[39m
[38;5;0m[HTTP][0m [37m<-- POST /wd/hub/session/1801f809-991d-4061-be7e-afcf3b27a17e/elements [39m[32m200[39m [90m258 ms - 139[39m
[38;5;0m[HTTP][0m [90m[39m
[38;5;0m[HTTP][0m [37m-->[39m [37mGET[39m [37m/wd/hub/session/1801f809-991d-4061-be7e-afcf3b27a17e/element/00000000-0000-0310-ffff-ffff00000282/location[39m
[38;5;0m[HTTP][0m [90m{}[39m
[38;5;48m[AndroidUiautomator2Driver@14f8 (1801f809)][0m Driver proxy active, passing request on via HTTP proxy
[38;5;48m[AndroidUiautomator2Driver@14f8 (1801f809)][0m Replacing sessionId 8db97c8d-6dfd-427d-91a1-f24e4f8b171d with 1801f809-991d-4061-be7e-afcf3b27a17e
[38;5;0m[HTTP][0m [37m<-- GET /wd/hub/session/1801f809-991d-4061-be7e-afcf3b27a17e/element/00000000-0000-0310-ffff-ffff00000282/location [39m[32m200[39m [90m18 ms - 78[39m
[38;5;0m[HTTP][0m [90m[39m
[38;5;0m[HTTP][0m [37m-->[39m [37mPOST[39m [37m/wd/hub/session/1801f809-991d-4061-be7e-afcf3b27a17e/element/00000000-0000-0310-ffff-ffff00000282/click[39m
[38;5;0m[HTTP][0m [90m{"id":"00000000-0000-0310-ffff-ffff00000282"}[39m
[38;5;0m[HTTP][0m [37m<-- POST /wd/hub/session/1801f809-991d-4061-be7e-afcf3b27a17e/element/00000000-0000-0310-ffff-ffff00000282/click [39m[32m200[39m [90m71 ms - 14[39m
[38;5;0m[HTTP][0m [90m[39m
[38;5;0m[HTTP][0m [37m-->[39m [37mGET[39m [37m/wd/hub/session/1801f809-991d-4061-be7e-afcf3b27a17e/source[39m
[38;5;0m[HTTP][0m [90m{}[39m
[38;5;48m[AndroidUiautomator2Driver@14f8 (1801f809)][0m Driver proxy active, passing request on via HTTP proxy
[38;5;48m[AndroidUiautomator2Driver@14f8 (1801f809)][0m Replacing sessionId 8db97c8d-6dfd-427d-91a1-f24e4f8b171d with 1801f809-991d-4061-be7e-afcf3b27a17e
[38;5;0m[HTTP][0m [37m<-- GET /wd/hub/session/1801f809-991d-4061-be7e-afcf3b27a17e/source [39m[32m200[39m [90m1185 ms - 19930[39m
[38;5;0m[HTTP][0m [90m[39m
[38;5;0m[HTTP][0m [37m-->[39m [37mGET[39m [37m/wd/hub/session/1801f809-991d-4061-be7e-afcf3b27a17e/screenshot[39m
[38;5;0m[HTTP][0m [90m{}[39m
[38;5;0m[HTTP][0m [37m<-- GET /wd/hub/session/1801f809-991d-4061-be7e-afcf3b27a17e/screenshot [39m[32m200[39m [90m372 ms - 146848[39m
[38;5;0m[HTTP][0m [90m[39m
[38;5;0m[HTTP][0m [37m-->[39m [37mPOST[39m [37m/wd/hub/session/1801f809-991d-4061-be7e-afcf3b27a17e/elements[39m
[38;5;0m[HTTP][0m [90m{"using":"xpath","value":"//*[@class = 'android.widget.ImageButton' and (@text = '' or . = '')]"}[39m
[38;5;0m[HTTP][0m [37m<-- POST /wd/hub/session/1801f809-991d-4061-be7e-afcf3b27a17e/elements [39m[32m200[39m [90m109 ms - 139[39m
[38;5;0m[HTTP][0m [90m[39m
[38;5;0m[HTTP][0m [37m-->[39m [37mGET[39m [37m/wd/hub/session/1801f809-991d-4061-be7e-afcf3b27a17e/window/rect[39m
[38;5;0m[HTTP][0m [90m{}[39m
[38;5;0m[HTTP][0m [37m<-- GET /wd/hub/session/1801f809-991d-4061-be7e-afcf3b27a17e/window/rect [39m[32m200[39m [90m7 ms - 50[39m
[38;5;0m[HTTP][0m [90m[39m
[38;5;0m[HTTP][0m [37m-->[39m [37mPOST[39m [37m/wd/hub/session/1801f809-991d-4061-be7e-afcf3b27a17e/elements[39m
[38;5;0m[HTTP][0m [90m{"using":"xpath","value":"//*[@class = 'android.widget.ImageButton' and (@text = '' or . = '')]"}[39m
[38;5;0m[HTTP][0m [37m<-- POST /wd/hub/session/1801f809-991d-4061-be7e-afcf3b27a17e/elements [39m[32m200[39m [90m128 ms - 139[39m
[38;5;0m[HTTP][0m [90m[39m
[38;5;0m[HTTP][0m [37m-->[39m [37mGET[39m [37m/wd/hub/session/1801f809-991d-4061-be7e-afcf3b27a17e/element/00000000-0000-0311-ffff-ffff000002aa/location[39m
[38;5;0m[HTTP][0m [90m{}[39m
[38;5;48m[AndroidUiautomator2Driver@14f8 (1801f809)][0m Driver proxy active, passing request on via HTTP proxy
[38;5;48m[AndroidUiautomator2Driver@14f8 (1801f809)][0m Replacing sessionId 8db97c8d-6dfd-427d-91a1-f24e4f8b171d with 1801f809-991d-4061-be7e-afcf3b27a17e
[38;5;0m[HTTP][0m [37m<-- GET /wd/hub/session/1801f809-991d-4061-be7e-afcf3b27a17e/element/00000000-0000-0311-ffff-ffff000002aa/location [39m[32m200[39m [90m14 ms - 75[39m
[38;5;0m[HTTP][0m [90m[39m
[38;5;0m[HTTP][0m [37m-->[39m [37mPOST[39m [37m/wd/hub/session/1801f809-991d-4061-be7e-afcf3b27a17e/element/00000000-0000-0311-ffff-ffff000002aa/click[39m
[38;5;0m[HTTP][0m [90m{"id":"00000000-0000-0311-ffff-ffff000002aa"}[39m
[38;5;0m[HTTP][0m [37m<-- POST /wd/hub/session/1801f809-991d-4061-be7e-afcf3b27a17e/element/00000000-0000-0311-ffff-ffff000002aa/click [39m[32m200[39m [90m57 ms - 14[39m
[38;5;0m[HTTP][0m [90m[39m
[38;5;0m[HTTP][0m [37m-->[39m [37mGET[39m [37m/wd/hub/session/1801f809-991d-4061-be7e-afcf3b27a17e/source[39m
[38;5;0m[HTTP][0m [90m{}[39m
[38;5;48m[AndroidUiautomator2Driver@14f8 (1801f809)][0m Driver proxy active, passing request on via HTTP proxy
[38;5;48m[AndroidUiautomator2Driver@14f8 (1801f809)][0m Replacing sessionId 8db97c8d-6dfd-427d-91a1-f24e4f8b171d with 1801f809-991d-4061-be7e-afcf3b27a17e
[38;5;0m[HTTP][0m [37m<-- GET /wd/hub/session/1801f809-991d-4061-be7e-afcf3b27a17e/source [39m[32m200[39m [90m561 ms - 40327[39m
[38;5;0m[HTTP][0m [90m[39m
[38;5;0m[HTTP][0m [37m-->[39m [37mGET[39m [37m/wd/hub/session/1801f809-991d-4061-be7e-afcf3b27a17e/screenshot[39m
[38;5;0m[HTTP][0m [90m{}[39m
[38;5;0m[HTTP][0m [37m<-- GET /wd/hub/session/1801f809-991d-4061-be7e-afcf3b27a17e/screenshot [39m[32m200[39m [90m545 ms - 675404[39m
[38;5;0m[HTTP][0m [90m[39m
[38;5;0m[HTTP][0m [37m-->[39m [37mPOST[39m [37m/wd/hub/session/1801f809-991d-4061-be7e-afcf3b27a17e/elements[39m
[38;5;0m[HTTP][0m [90m{"using":"xpath","value":"//*[@class = 'android.widget.ImageView' and @resource-id = 'co.tapcart.app.id_gCATITBKZP:id/cartIcon' and (@text = '' or . = '')]"}[39m
[38;5;0m[HTTP][0m [37m<-- POST /wd/hub/session/1801f809-991d-4061-be7e-afcf3b27a17e/elements [39m[32m200[39m [90m2526 ms - 139[39m
[38;5;0m[HTTP][0m [90m[39m
[38;5;0m[HTTP][0m [37m-->[39m [37mGET[39m [37m/wd/hub/session/1801f809-991d-4061-be7e-afcf3b27a17e/window/rect[39m
[38;5;0m[HTTP][0m [90m{}[39m
[38;5;0m[HTTP][0m [37m<-- GET /wd/hub/session/1801f809-991d-4061-be7e-afcf3b27a17e/window/rect [39m[32m200[39m [90m8 ms - 50[39m
[38;5;0m[HTTP][0m [90m[39m
[38;5;0m[HTTP][0m [37m-->[39m [37mPOST[39m [37m/wd/hub/session/1801f809-991d-4061-be7e-afcf3b27a17e/elements[39m
[38;5;0m[HTTP][0m [90m{"using":"xpath","value":"//*[@class = 'android.widget.ImageView' and @resource-id = 'co.tapcart.app.id_gCATITBKZP:id/cartIcon' and (@text = '' or . = '')]"}[39m
[38;5;0m[HTTP][0m [37m<-- POST /wd/hub/session/1801f809-991d-4061-be7e-afcf3b27a17e/elements [39m[32m200[39m [90m379 ms - 139[39m
[38;5;0m[HTTP][0m [90m[39m
[38;5;0m[HTTP][0m [37m-->[39m [37mGET[39m [37m/wd/hub/session/1801f809-991d-4061-be7e-afcf3b27a17e/element/00000000-0000-030f-ffff-ffff00000197/location[39m
[38;5;0m[HTTP][0m [90m{}[39m
[38;5;48m[AndroidUiautomator2Driver@14f8 (1801f809)][0m Driver proxy active, passing request on via HTTP proxy
[38;5;48m[AndroidUiautomator2Driver@14f8 (1801f809)][0m Replacing sessionId 8db97c8d-6dfd-427d-91a1-f24e4f8b171d with 1801f809-991d-4061-be7e-afcf3b27a17e
[38;5;0m[HTTP][0m [37m<-- GET /wd/hub/session/1801f809-991d-4061-be7e-afcf3b27a17e/element/00000000-0000-030f-ffff-ffff00000197/location [39m[32m200[39m [90m31 ms - 78[39m
[38;5;0m[HTTP][0m [90m[39m
[38;5;0m[HTTP][0m [37m-->[39m [37mPOST[39m [37m/wd/hub/session/1801f809-991d-4061-be7e-afcf3b27a17e/element/00000000-0000-030f-ffff-ffff00000197/click[39m
[38;5;0m[HTTP][0m [90m{"id":"00000000-0000-030f-ffff-ffff00000197"}[39m
[38;5;0m[HTTP][0m [37m<-- POST /wd/hub/session/1801f809-991d-4061-be7e-afcf3b27a17e/element/00000000-0000-030f-ffff-ffff00000197/click [39m[32m200[39m [90m76 ms - 14[39m
[38;5;0m[HTTP][0m [90m[39m
[38;5;0m[HTTP][0m [37m-->[39m [37mGET[39m [37m/wd/hub/session/1801f809-991d-4061-be7e-afcf3b27a17e/source[39m
[38;5;0m[HTTP][0m [90m{}[39m
[38;5;48m[AndroidUiautomator2Driver@14f8 (1801f809)][0m Driver proxy active, passing request on via HTTP proxy
[38;5;48m[AndroidUiautomator2Driver@14f8 (1801f809)][0m Replacing sessionId 8db97c8d-6dfd-427d-91a1-f24e4f8b171d with 1801f809-991d-4061-be7e-afcf3b27a17e
[38;5;0m[HTTP][0m [37m<-- GET /wd/hub/session/1801f809-991d-4061-be7e-afcf3b27a17e/source [39m[32m200[39m [90m1240 ms - 19930[39m
[38;5;0m[HTTP][0m [90m[39m
[38;5;0m[HTTP][0m [37m-->[39m [37mGET[39m [37m/wd/hub/session/1801f809-991d-4061-be7e-afcf3b27a17e/screenshot[39m
[38;5;0m[HTTP][0m [90m{}[39m
[38;5;0m[HTTP][0m [37m<-- GET /wd/hub/session/1801f809-991d-4061-be7e-afcf3b27a17e/screenshot [39m[32m200[39m [90m363 ms - 148832[39m
[38;5;0m[HTTP][0m [90m[39m
[38;5;0m[HTTP][0m [37m-->[39m [37mDELETE[39m [37m/wd/hub/session/1801f809-991d-4061-be7e-afcf3b27a17e[39m
[38;5;0m[HTTP][0m [90m{}[39m
[38;5;16m[AppiumDriver@1dcc][0m Removing session 1801f809-991d-4061-be7e-afcf3b27a17e from our master session list
[38;5;48m[AndroidUiautomator2Driver@14f8 (1801f809)][0m Restoring hidden api policy to the device default configuration
[38;5;0m[HTTP][0m [37m<-- DELETE /wd/hub/session/1801f809-991d-4061-be7e-afcf3b27a17e [39m[32m200[39m [90m473 ms - 14[39m
[38;5;0m[HTTP][0m [90m[39m
